# JRE version: Java(TM) SE Runtime Environment (8.0_60-b27) (build 1.8.0_60-b27)
# Java VM: Java HotSpot(TM) 64-Bit Server VM (25.60-b23 mixed mode windows-amd64 compressed oops)
Heap:
 PSYoungGen      total 95232K, used 13898K [0x00000000d5e00000, 0x00000000de000000, 0x0000000100000000)
  eden space 82432K, 12% used [0x00000000d5e00000,0x00000000d67daa88,0x00000000dae80000)
  from space 12800K, 29% used [0x00000000dae80000,0x00000000db238000,0x00000000dbb00000)
  to   space 13312K, 0% used [0x00000000dd300000,0x00000000dd300000,0x00000000de000000)
 ParOldGen       total 96256K, used 16952K [0x0000000081a00000, 0x0000000087800000, 0x00000000d5e00000)
  object space 96256K, 17% used [0x0000000081a00000,0x0000000082a8e150,0x0000000087800000)
 Metaspace       used 36044K, capacity 37850K, committed 37936K, reserved 1081344K
  class space    used 4774K, capacity 5128K, committed 5168K, reserved 1048576K
GC Heap History (10 events):
Event: 10.828 GC heap before
{Heap before GC invocations=9 (full 1):
 PSYoungGen      total 55808K, used 53979K [0x00000000d5e00000, 0x00000000daf00000, 0x0000000100000000)
  eden space 47104K, 100% used [0x00000000d5e00000,0x00000000d8c00000,0x00000000d8c00000)
  from space 8704K, 78% used [0x00000000d8c00000,0x00000000d92b6cd0,0x00000000d9480000)
  to   space 8704K, 0% used [0x00000000da680000,0x00000000da680000,0x00000000daf00000)
 ParOldGen       total 62464K, used 7501K [0x0000000081a00000, 0x0000000085700000, 0x00000000d5e00000)
  object space 62464K, 12% used [0x0000000081a00000,0x0000000082153580,0x0000000085700000)
 Metaspace       used 30562K, capacity 31638K, committed 31920K, reserved 1077248K
  class space    used 4010K, capacity 4234K, committed 4272K, reserved 1048576K
Event: 10.860 GC heap after
Heap after GC invocations=9 (full 1):
 PSYoungGen      total 73216K, used 8691K [0x00000000d5e00000, 0x00000000db600000, 0x0000000100000000)
  eden space 64512K, 0% used [0x00000000d5e00000,0x00000000d5e00000,0x00000000d9d00000)
  from space 8704K, 99% used [0x00000000da680000,0x00000000daefcd98,0x00000000daf00000)
  to   space 9728K, 0% used [0x00000000d9d00000,0x00000000d9d00000,0x00000000da680000)
 ParOldGen       total 62464K, used 7678K [0x0000000081a00000, 0x0000000085700000, 0x00000000d5e00000)
  object space 62464K, 12% used [0x0000000081a00000,0x000000008217f940,0x0000000085700000)
 Metaspace       used 30562K, capacity 31638K, committed 31920K, reserved 1077248K
  class space    used 4010K, capacity 4234K, committed 4272K, reserved 1048576K
}
Event: 12.367 GC heap before
{Heap before GC invocations=10 (full 1):
 PSYoungGen      total 73216K, used 73203K [0x00000000d5e00000, 0x00000000db600000, 0x0000000100000000)
  eden space 64512K, 100% used [0x00000000d5e00000,0x00000000d9d00000,0x00000000d9d00000)
  from space 8704K, 99% used [0x00000000da680000,0x00000000daefcd98,0x00000000daf00000)
  to   space 9728K, 0% used [0x00000000d9d00000,0x00000000d9d00000,0x00000000da680000)
 ParOldGen       total 62464K, used 7678K [0x0000000081a00000, 0x0000000085700000, 0x00000000d5e00000)
  object space 62464K, 12% used [0x0000000081a00000,0x000000008217f940,0x0000000085700000)
 Metaspace       used 32518K, capacity 33886K, committed 34096K, reserved 1079296K
  class space    used 4258K, capacity 4544K, committed 4656K, reserved 1048576K
Event: 12.386 GC heap after
Heap after GC invocations=10 (full 1):
 PSYoungGen      total 74240K, used 9716K [0x00000000d5e00000, 0x00000000dc600000, 0x0000000100000000)
  eden space 64512K, 0% used [0x00000000d5e00000,0x00000000d5e00000,0x00000000d9d00000)
  from space 9728K, 99% used [0x00000000d9d00000,0x00000000da67d030,0x00000000da680000)
  to   space 11264K, 0% used [0x00000000dbb00000,0x00000000dbb00000,0x00000000dc600000)
 ParOldGen       total 62464K, used 8161K [0x0000000081a00000, 0x0000000085700000, 0x00000000d5e00000)
  object space 62464K, 13% used [0x0000000081a00000,0x00000000821f85c0,0x0000000085700000)
 Metaspace       used 32518K, capacity 33886K, committed 34096K, reserved 1079296K
  class space    used 4258K, capacity 4544K, committed 4656K, reserved 1048576K
}
Event: 13.604 GC heap before
{Heap before GC invocations=11 (full 1):
 PSYoungGen      total 74240K, used 61444K [0x00000000d5e00000, 0x00000000dc600000, 0x0000000100000000)
  eden space 64512K, 80% used [0x00000000d5e00000,0x00000000d9084350,0x00000000d9d00000)
  from space 9728K, 99% used [0x00000000d9d00000,0x00000000da67d030,0x00000000da680000)
  to   space 11264K, 0% used [0x00000000dbb00000,0x00000000dbb00000,0x00000000dc600000)
 ParOldGen       total 62464K, used 8161K [0x0000000081a00000, 0x0000000085700000, 0x00000000d5e00000)
  object space 62464K, 13% used [0x0000000081a00000,0x00000000821f85c0,0x0000000085700000)
 Metaspace       used 33898K, capacity 35452K, committed 35496K, reserved 1079296K
  class space    used 4440K, capacity 4741K, committed 4784K, reserved 1048576K
Event: 13.675 GC heap after
Heap after GC invocations=11 (full 1):
 PSYoungGen      total 93696K, used 11232K [0x00000000d5e00000, 0x00000000dcf00000, 0x0000000100000000)
  eden space 82432K, 0% used [0x00000000d5e00000,0x00000000d5e00000,0x00000000dae80000)
  from space 11264K, 99% used [0x00000000dbb00000,0x00000000dc5f8020,0x00000000dc600000)
  to   space 12800K, 0% used [0x00000000dae80000,0x00000000dae80000,0x00000000dbb00000)
 ParOldGen       total 62464K, used 9954K [0x0000000081a00000, 0x0000000085700000, 0x00000000d5e00000)
  object space 62464K, 15% used [0x0000000081a00000,0x00000000823b88c8,0x0000000085700000)
 Metaspace       used 33898K, capacity 35452K, committed 35496K, reserved 1079296K
  class space    used 4440K, capacity 4741K, committed 4784K, reserved 1048576K
}
Event: 13.675 GC heap before
{Heap before GC invocations=12 (full 2):
 PSYoungGen      total 93696K, used 11232K [0x00000000d5e00000, 0x00000000dcf00000, 0x0000000100000000)
  eden space 82432K, 0% used [0x00000000d5e00000,0x00000000d5e00000,0x00000000dae80000)
  from space 11264K, 99% used [0x00000000dbb00000,0x00000000dc5f8020,0x00000000dc600000)
  to   space 12800K, 0% used [0x00000000dae80000,0x00000000dae80000,0x00000000dbb00000)
 ParOldGen       total 62464K, used 9954K [0x0000000081a00000, 0x0000000085700000, 0x00000000d5e00000)
  object space 62464K, 15% used [0x0000000081a00000,0x00000000823b88c8,0x0000000085700000)
 Metaspace       used 33898K, capacity 35452K, committed 35496K, reserved 1079296K
  class space    used 4440K, capacity 4741K, committed 4784K, reserved 1048576K
Event: 13.947 GC heap after
Heap after GC invocations=12 (full 2):
 PSYoungGen      total 93696K, used 0K [0x00000000d5e00000, 0x00000000dcf00000, 0x0000000100000000)
  eden space 82432K, 0% used [0x00000000d5e00000,0x00000000d5e00000,0x00000000dae80000)
  from space 11264K, 0% used [0x00000000dbb00000,0x00000000dbb00000,0x00000000dc600000)
  to   space 12800K, 0% used [0x00000000dae80000,0x00000000dae80000,0x00000000dbb00000)
 ParOldGen       total 96256K, used 16944K [0x0000000081a00000, 0x0000000087800000, 0x00000000d5e00000)
  object space 96256K, 17% used [0x0000000081a00000,0x0000000082a8c150,0x0000000087800000)
 Metaspace       used 33898K, capacity 35452K, committed 35496K, reserved 1079296K
  class space    used 4440K, capacity 4741K, committed 4784K, reserved 1048576K
}
Event: 15.529 GC heap before
{Heap before GC invocations=13 (full 2):
 PSYoungGen      total 93696K, used 82432K [0x00000000d5e00000, 0x00000000dcf00000, 0x0000000100000000)
  eden space 82432K, 100% used [0x00000000d5e00000,0x00000000dae80000,0x00000000dae80000)
  from space 11264K, 0% used [0x00000000dbb00000,0x00000000dbb00000,0x00000000dc600000)
  to   space 12800K, 0% used [0x00000000dae80000,0x00000000dae80000,0x00000000dbb00000)
 ParOldGen       total 96256K, used 16944K [0x0000000081a00000, 0x0000000087800000, 0x00000000d5e00000)
  object space 96256K, 17% used [0x0000000081a00000,0x0000000082a8c150,0x0000000087800000)
 Metaspace       used 35439K, capacity 37156K, committed 37296K, reserved 1081344K
  class space    used 4674K, capacity 5021K, committed 5040K, reserved 1048576K
Event: 15.544 GC heap after
Heap after GC invocations=13 (full 2):
 PSYoungGen      total 95232K, used 3808K [0x00000000d5e00000, 0x00000000de000000, 0x0000000100000000)
  eden space 82432K, 0% used [0x00000000d5e00000,0x00000000d5e00000,0x00000000dae80000)
  from space 12800K, 29% used [0x00000000dae80000,0x00000000db238000,0x00000000dbb00000)
  to   space 13312K, 0% used [0x00000000dd300000,0x00000000dd300000,0x00000000de000000)
 ParOldGen       total 96256K, used 16952K [0x0000000081a00000, 0x0000000087800000, 0x00000000d5e00000)
  object space 96256K, 17% used [0x0000000081a00000,0x0000000082a8e150,0x0000000087800000)
 Metaspace       used 35439K, capacity 37156K, committed 37296K, reserved 1081344K
  class space    used 4674K, capacity 5021K, committed 5040K, reserved 1048576K
}

